<?xml version="1.0" encoding="UTF-8"?>
<!-- Generated by org.testng.reporters.JUnitXMLReporter -->
<testsuite ignored="0" hostname="LTIN518302" failures="0" tests="10" name="ChromeTest" time="65.364" errors="0" timestamp="2024-11-05T18:03:38 IST">
  <testcase classname="TestCase.TS001_CarLoanTest" name="validate_carLoanPage" time="0.493"/>
  <testcase classname="TestCase.TS001_CarLoanTest" name="user_enteringValues_carLoan" time="2.604"/>
  <testcase classname="TestCase.TS002_HomeLoanTest" name="validate_HomeLoanPage" time="0.618"/>
  <testcase classname="TestCase.TS002_HomeLoanTest" name="homeloan" time="3.513"/>
  <testcase classname="TestCase.TS003_UI_EMIcalculator" name="validate_EMICalPage" time="0.499"/>
  <testcase classname="TestCase.TS003_UI_EMIcalculator" name="user_validate_EMI_Calculator_functionality" time="3.932"/>
  <testcase classname="TestCase.TS004_UI_LoanAmountCalc" name="validate_EMICalPage" time="0.557"/>
  <testcase classname="TestCase.TS004_UI_LoanAmountCalc" name="user_validate_Loan_Amount_Calculator_functionality" time="3.427"/>
  <testcase classname="TestCase.TS005_UI_LoanTenureCalc" name="validate_EMICalPage" time="0.872"/>
  <testcase classname="TestCase.TS005_UI_LoanTenureCalc" name="user_validate_Loan_Tenure_Calculator_functionality" time="3.334"/>
</testsuite> <!-- ChromeTest -->
