<?xml version="1.0" encoding="UTF-8"?>
<!-- Generated by org.testng.reporters.JUnitXMLReporter -->
<testsuite ignored="0" hostname="LTIN518543" failures="1" tests="24" name="EdgeTest" time="140.665" errors="0" timestamp="2024-10-29T17:25:57 IST">
  <testcase classname="TestCase.TS001_CarLoanTest" name="user_enteringValues_carLoan" time="3.72"/>
  <testcase classname="TestCase.TS002_HomeLoanTest" name="homeloan" time="5.327"/>
  <testcase classname="TestCase.TS002_HomeLoanTest" name="printing_the_table" time="3.836"/>
  <testcase classname="TestCase.TS003_UI_EMIcalculator" name="user_click_the_EMI_calculator_button" time="0.162"/>
  <testcase classname="TestCase.TS003_UI_EMIcalculator" name="user_validate_displayed_elements_of_EMI_Calculator" time="10.209">
    <failure type="java.lang.AssertionError" message="null">
      <![CDATA[java.lang.AssertionError: null
at TestCase.TS003_UI_EMIcalculator.user_validate_displayed_elements_of_EMI_Calculator(TS003_UI_EMIcalculator.java:40)
at java.base/java.util.ArrayList.forEach(ArrayList.java:1511)
... Removed 29 stack frames]]>
    </failure>
  </testcase> <!-- user_validate_displayed_elements_of_EMI_Calculator -->
  <testcase classname="TestCase.TS003_UI_EMIcalculator" name="user_validate_enabled_elements_of_EMI_Calculator" time="7.655"/>
  <testcase classname="TestCase.TS003_UI_EMIcalculator" name="user_validate_scale_change_for_loan_amount_textbox_and_slider" time="0.923"/>
  <testcase classname="TestCase.TS003_UI_EMIcalculator" name="user_validates_scale_change_for_fees_and_charges_textbox_and_slider" time="0.967"/>
  <testcase classname="TestCase.TS003_UI_EMIcalculator" name="user_validates_scale_change_for_interest_rate_textbox_and_slider" time="0.915"/>
  <testcase classname="TestCase.TS003_UI_EMIcalculator" name="user_validates_scale_change_for_loan_tenure_textbox_and_slider" time="0.916"/>
  <testcase classname="TestCase.TS003_UI_EMIcalculator" name="user_validates_year_and_month_option" time="0.066"/>
  <testcase classname="TestCase.TS004_UI_LoanAmountCalc" name="user_click_the_loan_amount_calculator_button" time="9.054"/>
  <testcase classname="TestCase.TS004_UI_LoanAmountCalc" name="user_validates_all_textboxes_are_displayed" time="0.198"/>
  <testcase classname="TestCase.TS004_UI_LoanAmountCalc" name="user_validates_all_textboxes_are_enabled" time="0.171"/>
  <testcase classname="TestCase.TS004_UI_LoanAmountCalc" name="user_validates_scale_change_for_fees_and_charges_textbox_and_slider" time="0.876"/>
  <testcase classname="TestCase.TS004_UI_LoanAmountCalc" name="user_validates_scale_change_for_interest_rate_textbox_and_slider" time="0.92"/>
  <testcase classname="TestCase.TS004_UI_LoanAmountCalc" name="user_validates_scale_change_for_loan_tenure_textbox_and_slider" time="0.864"/>
  <testcase classname="TestCase.TS004_UI_LoanAmountCalc" name="user_validates_year_and_month_option" time="0.098"/>
  <testcase classname="TestCase.TS005_UI_LoanTenureCalc" name="user_click_the_loan_tenure_calculator_button" time="8.924"/>
  <testcase classname="TestCase.TS005_UI_LoanTenureCalc" name="user_validate_displayed_elements_of_LoanTenure_Calculator" time="0.197"/>
  <testcase classname="TestCase.TS005_UI_LoanTenureCalc" name="user_validate_enabled_elements_of_LoanTenure_Calculator" time="0.114"/>
  <testcase classname="TestCase.TS005_UI_LoanTenureCalc" name="user_validate_scale_change_for_fees_and_charges_textbox_and_slider" time="0.873"/>
  <testcase classname="TestCase.TS005_UI_LoanTenureCalc" name="user_validate_scale_change_for_interest_rate_textbox_and_slider" time="0.893"/>
  <testcase classname="TestCase.TS005_UI_LoanTenureCalc" name="user_validate_scale_change_for_loan_amount_textbox_and_slider" time="0.946"/>
</testsuite> <!-- EdgeTest -->
