<?xml version="1.0" encoding="UTF-8"?>
<!-- Generated by org.testng.reporters.JUnitXMLReporter -->
<testsuite ignored="0" hostname="LTIN518543" failures="1" tests="2" name="ChromeTest" time="45.814" errors="0" timestamp="2024-10-23T15:39:11 IST">
  <testcase classname="TestCase.TS001_CarLoanTest" name="carLoan" time="1.258">
    <failure type="java.lang.AssertionError" message="null">
      <![CDATA[java.lang.AssertionError: null
at TestCase.TS001_CarLoanTest.carLoan(TS001_CarLoanTest.java:31)
at java.base/java.util.ArrayList.forEach(ArrayList.java:1511)
at java.base/java.util.concurrent.FutureTask.run(FutureTask.java:264)
at java.base/java.util.concurrent.ThreadPoolExecutor.runWorker(ThreadPoolExecutor.java:1136)
at java.base/java.util.concurrent.ThreadPoolExecutor$Worker.run(ThreadPoolExecutor.java:635)
at java.base/java.lang.Thread.run(Thread.java:840)
... Removed 19 stack frames]]>
    </failure>
  </testcase> <!-- carLoan -->
  <testcase classname="TestCase.TS002_HomeLoanTest" name="homeloan" time="4.737"/>
</testsuite> <!-- ChromeTest -->
