<?xml version="1.0" encoding="UTF-8"?>
<testsuite xmlns:xsi="http://www.w3.org/2001/XMLSchema-instance" xsi:noNamespaceSchemaLocation="https://maven.apache.org/surefire/maven-surefire-plugin/xsd/surefire-test-report-3.0.xsd" version="3.0" name="TestRunner.TestRun" time="25.054" tests="1" errors="0" skipped="0" failures="0">
  <properties>
[...]
</properties>
  <testcase name="EMIcalculator UI Validation" classname="UI checks in EMI calculator page" time="21.154">
    <system-out><![CDATA[
@sanity @regression
Scenario: EMIcalculator UI Validation                                           # Features/EMIcalcPage.feature:4
  Given the user navigates to emi calculator page                               # StepDefenitions.EMIcalcPage.the_user_navigates_to_emi_calculator_page()
  When the LoanAmount Textbox and Slider is visible and enabled to the user     # StepDefenitions.EMIcalcPage.the_loan_amount_textbox_and_slider_is_visible_and_displayed_to_the_user()
  And the scale change done by user reflects correctly in LoanAmount Textbox    # StepDefenitions.EMIcalcPage.the_scale_change_done_by_user_reflects_correctly_in_loan_amount_textbox()
  And the InterestRate Textbox and Slider is visible and enabled to the user    # StepDefenitions.EMIcalcPage.the_interest_rate_textbox_and_slider_is_visible_and_displayed_to_the_user()
  And the scale change done by user reflects correctly in InterestRate Textbox  # StepDefenitions.EMIcalcPage.the_scale_change_done_by_user_reflects_correctly_in_interest_rate_textbox()
  And the LoanTenure Textbox and Slider is visible and enabled to the user      # StepDefenitions.EMIcalcPage.the_loan_tenure_textbox_and_slider_is_visible_and_displayed_to_the_user()
  And the scale change done by user reflects correctly in LoanTenure Textbox    # StepDefenitions.EMIcalcPage.the_scale_change_done_by_user_reflects_correctly_in_loan_tenure_textbox()
  And the FeesAndCharge Textbox and Slider is visible and enabled to the user   # StepDefenitions.EMIcalcPage.the_fees_and_charge_textbox_and_slider_is_visible_and_displayed_to_the_user()
  And the scale change done by user reflects correctly in FeesAndCharge Textbox # StepDefenitions.EMIcalcPage.the_scale_change_done_by_user_reflects_correctly_in_fees_and_charge_textbox()
  And the YearAndMonth change done by user reflects correctly                   # StepDefenitions.EMIcalcPage.the_year_and_month_change_done_by_user_reflects_correctly()
UI checks in Loan Calculator page is done
  Then the EMIcalculator page UI checks are validated                           # StepDefenitions.EMIcalcPage.the_em_icalculator_page_ui_checks_are_validated()
]]></system-out>
    <system-err><![CDATA[Apr 05, 2024 10:32:10 AM org.openqa.selenium.devtools.CdpVersionFinder findNearestMatch
WARNING: Unable to find an exact match for CDP version 120, returning the closest version; found: 119; Please update to a Selenium version that supports CDP version 120
]]></system-err>
  </testcase>
</testsuite>